<?xml version="1.0" encoding="UTF-8"?>
<!-- Generated by org.testng.reporters.JUnitReportReporter -->
<testsuite hostname="C100-96s-iMac-Pro.local" failures="0" tests="1" name="testcases.LoginTC" time="3.876" errors="0" timestamp="2024-10-18T15:30:21 IST" skipped="0">
  <testcase classname="testcases.LoginTC" name="ClickOnKillSwitch" time="3.876"/>
  <system-out/>
</testsuite> <!-- testcases.LoginTC -->
