<?xml version="1.0" encoding="UTF-8"?>
<!-- Generated by org.testng.reporters.JUnitReportReporter -->
<testsuite hostname="C192" failures="0" tests="1" name="Automation.TestCases" time="1139.721" errors="0" timestamp="2024-10-28T13:54:21 IST" skipped="0">
  <testcase classname="Automation.TestCases" name="VerifyLogin" time="1139.721"/>
  <system-out/>
</testsuite> <!-- Automation.TestCases -->
