<?xml version="1.0" encoding="UTF-8"?>
<!-- Generated by org.testng.reporters.JUnitReportReporter -->
<testsuite hostname="C192" failures="0" tests="1" name="Automation.TestCases" time="2380.142" errors="0" timestamp="2024-10-30T11:21:47 IST" skipped="0">
  <testcase classname="Automation.TestCases" name="VerifyLogin" time="2380.142"/>
  <system-out/>
</testsuite> <!-- Automation.TestCases -->
